<?xml version="1.0" encoding="UTF-8"?>
<!-- Generated by org.testng.reporters.JUnitReportReporter -->
<testsuite hostname="DESKTOP-4O5URTS" failures="0" tests="3" name="com.vts.testcases.LoginPageTest" time="8.815" errors="0" timestamp="2023-12-28T13:35:43 IST" skipped="0">
  <testcase classname="com.vts.testcases.LoginPageTest" name="LoginPageTitleTest" time="2.020"/>
  <testcase classname="com.vts.testcases.LoginPageTest" name="AumLogoImgTest" time="2.737"/>
  <testcase classname="com.vts.testcases.LoginPageTest" name="LoginTest" time="4.058"/>
</testsuite> <!-- com.vts.testcases.LoginPageTest -->
