<?xml version="1.0" encoding="UTF-8"?>
<!-- Generated by org.testng.reporters.JUnitReportReporter -->
<testsuite hostname="DESKTOP-4O5URTS" failures="0" tests="3" name="com.vts.testcases.DashBoardTest" time="26.492" errors="0" timestamp="2023-12-30T15:41:52 IST" skipped="0">
  <testcase classname="com.vts.testcases.DashBoardTest" name="VerifyDashBoardPageTitle" time="7.992"/>
  <testcase classname="com.vts.testcases.DashBoardTest" name="VerifyChartButton" time="9.956"/>
  <testcase classname="com.vts.testcases.DashBoardTest" name="VerifyGeoFenceLink" time="8.544"/>
</testsuite> <!-- com.vts.testcases.DashBoardTest -->
