<?xml version="1.0" encoding="UTF-8"?>
<!-- Generated by org.testng.reporters.JUnitReportReporter -->
<testsuite hostname="DESKTOP-4O5URTS" failures="0" tests="3" name="com.vts.testcases.LoginPageTest" time="9.450" errors="0" timestamp="2023-12-30T15:44:20 IST" skipped="0">
  <testcase classname="com.vts.testcases.LoginPageTest" name="LoginPageTitleTest" time="1.946"/>
  <testcase classname="com.vts.testcases.LoginPageTest" name="AumLogoImgTest" time="2.900"/>
  <testcase classname="com.vts.testcases.LoginPageTest" name="LoginTest" time="4.604"/>
</testsuite> <!-- com.vts.testcases.LoginPageTest -->
